[debug] [2023-07-14T18:34:52.341Z] ----------------------------------------------------------------------
[debug] [2023-07-14T18:34:52.347Z] Command:       C:\Program Files\nodejs\node.exe C:\Users\Simitchiev\AppData\Roaming\npm\node_modules\firebase-tools\lib\bin\firebase.js init
[debug] [2023-07-14T18:34:52.348Z] CLI Version:   12.4.4
[debug] [2023-07-14T18:34:52.349Z] Platform:      win32
[debug] [2023-07-14T18:34:52.350Z] Node Version:  v16.18.0
[debug] [2023-07-14T18:34:52.353Z] Time:          Fri Jul 14 2023 21:34:52 GMT+0300 (Източноевропейско лятно часово време)
[debug] [2023-07-14T18:34:52.354Z] ----------------------------------------------------------------------
[debug] 
[debug] [2023-07-14T18:34:52.370Z] > command requires scopes: ["email","openid","https://www.googleapis.com/auth/cloudplatformprojects.readonly","https://www.googleapis.com/auth/firebase","https://www.googleapis.com/auth/cloud-platform"]
[debug] [2023-07-14T18:34:52.371Z] > authorizing via signed-in user (xxlenxx121@gmail.com)
[info] 
     ######## #### ########  ######## ########     ###     ######  ########
     ##        ##  ##     ## ##       ##     ##  ##   ##  ##       ##
     ######    ##  ########  ######   ########  #########  ######  ######
     ##        ##  ##    ##  ##       ##     ## ##     ##       ## ##
     ##       #### ##     ## ######## ########  ##     ##  ######  ########

You're about to initialize a Firebase project in this directory:

  C:\Users\Simitchiev\Desktop\React\ReactMercedes\my-app

[info] 
=== Project Setup
[info] 
[info] First, let's associate this project directory with a Firebase project.
[info] You can create multiple project aliases by running firebase use --add, 
[info] but for now we'll just set up a default project.
[info] 
[debug] [2023-07-14T18:35:22.616Z] > refreshing access token with scopes: []
[debug] [2023-07-14T18:35:22.632Z] >>> [apiv2][query] POST https://www.googleapis.com/oauth2/v3/token [none]
[debug] [2023-07-14T18:35:22.635Z] >>> [apiv2][body] POST https://www.googleapis.com/oauth2/v3/token [omitted]
[debug] [2023-07-14T18:35:22.926Z] <<< [apiv2][status] POST https://www.googleapis.com/oauth2/v3/token 200
[debug] [2023-07-14T18:35:22.926Z] <<< [apiv2][body] POST https://www.googleapis.com/oauth2/v3/token [omitted]
[debug] [2023-07-14T18:35:22.953Z] >>> [apiv2][query] GET https://firebase.googleapis.com/v1beta1/projects pageSize=100
[debug] [2023-07-14T18:35:23.495Z] <<< [apiv2][status] GET https://firebase.googleapis.com/v1beta1/projects 200
[debug] [2023-07-14T18:35:23.495Z] <<< [apiv2][body] GET https://firebase.googleapis.com/v1beta1/projects [omitted]
